Testing Log file----------  2020 9 1, The Dark Tower Adventures
> 11:55:12  has entered the gameTesting Log file----------  2020 9 1, The Dark Tower Adventures
> 11:57:02 Randall Flagg has entered the game----------  2020 9 1, The Dark Tower Adventures
> 11:59:48 Randall Flagg has entered the game
> 11:59:54 Randall Flagg has exited the game

----------  2020 9 1, The Dark Tower Adventures
> 12:00:47 Randall Flagg has entered the game
> 12:00:50 Randall Flagg has exited the game

----------  2020 Oct 1, The Dark Tower Adventures
> 12:06:30 Randall Flagg has entered the game
> 12:06:34 Randall Flagg has exited the game

----------  2020 Sep 1, The Dark Tower Adventures
> 12:07:11 Randall Flagg has entered the game
> 12:07:14 Randall Flagg has exited the game

----------  2020 Sep 1, The Dark Tower Adventures 0.11 alpha
> 12:09:01 Randall Flagg has entered the game
> 12:09:04 Randall Flagg has exited the game

----------  2020 Sep 1, The Dark Tower Adventures 0.11 alpha
> 12:15:17 Randall Flagg has entered the game
> 12:15:19 Randall Flagg has fought a trainer

> 12:16:20 Randall Flagg has fought a trainer

> 12:16:30 Randall Flagg has exited the game

> 12:52:36 Incoming IBBS information processed
----------  2020 Sep 1, The Dark Tower Adventures 0.11 alpha
> 12:52:43 Randall Flagg has entered the game
> 12:52:45 Randall Flagg has exited the game

> 12:52:45 Outbound IBBS information processed
> 12:53:38 Incoming IBBS information processed

----------  2020 Sep 1, The Dark Tower Adventures 0.11 alpha
> 12:53:42 Randall Flagg has entered the game
> 12:53:45 Randall Flagg has exited the game
> 12:53:45 Outbound IBBS information processed
> 12:55:03 Incoming IBBS information processed

----------  2020 Sep 1, The Dark Tower Adventures 0.11 alpha
> 12:55:07 Randall Flagg has entered the game
> 12:55:09 Randall Flagg has exited the game
> 12:55:09 Outbound IBBS information processed
> 12:57:54 Incoming IBBS information processed

----------  2020 Sep 1, The Dark Tower Adventures 0.11 alpha
> 12:57:54 Randall Flagg has entered the game
> 12:57:58 Randall Flagg has exited the game
> 12:57:58 Outbound IBBS information processed

----------  2020 Sep 1, The Dark Tower Adventures 0.11 alpha
> 12:58:39 Randall Flagg has entered the game
> 12:58:39 Incoming IBBS information processed
> 12:58:43 Randall Flagg has exited the game
> 12:58:43 Outbound IBBS information processed

----------  2020 Sep 1, The Dark Tower Adventures 0.11 alpha
> 12:59:49 Roland has entered the game
> 12:59:49 Incoming IBBS information processed
> 12:59:58 Roland has exited the game
> 12:59:58 Outbound IBBS information processed

----------  2020 Sep 1, The Dark Tower Adventures 0.11 alpha
> 13:02:24 Roland has entered the game
> 13:02:24 Incoming IBBS information processed
> 13:02:27 Outbound IBBS information processed
> 13:02:27 Roland has exited the game

----------  2020 Sep 1, The Dark Tower Adventures 0.11 alpha
> 13:05:23 Roland has entered the game
> 13:05:23 Incoming IBBS information processed
> 13:05:26 Outbound IBBS information processed
> 13:05:26 Roland has exited the game

----------  2020 Sep 1, The Dark Tower Adventures 0.11 alpha
> 13:07:07 Roland has entered the game
> 13:07:07 Incoming IBBS information processed
> 13:07:16 Outbound IBBS information processed
> 13:07:16 Roland has exited the game

----------  2020 Sep 1, The Dark Tower Adventures 0.12 alpha 1 SEP 2020
> 13:08:39 Roland has entered the game
> 13:08:39 Incoming IBBS information processed
> 13:08:42 Outbound IBBS information processed
> 13:08:42 Roland has exited the game

----------  2020 Sep 1, The Dark Tower Adventures 0.12 alpha (1 SEP 2020)
> 13:09:16 Roland has entered the game
> 13:09:16 Incoming IBBS information processed
> 13:09:18 Outbound IBBS information processed
> 13:09:18 Roland has exited the game

----------  2020 Sep 1, The Dark Tower Adventures 0.12 alpha (01 SEP 2020)
> 13:09:43 Roland has entered the game
> 13:09:43 Incoming IBBS information processed
> 13:09:45 Outbound IBBS information processed
> 13:09:45 Roland has exited the game
